<?xml version="1.0" encoding="UTF-8"?>
<coverage generated="1492584989359" clover="3.2.0">
  <project timestamp="1492584989359" name="All files">
    <metrics statements="2" coveredstatements="1" conditionals="2" coveredconditionals="0" methods="1" coveredmethods="0" elements="5" coveredelements="1" complexity="0" loc="2" ncloc="2" packages="1" files="1" classes="1">
      <file name="Button.js" path="/Users/amiskov/Documents/Trainigs/book_react_up_and_running/ch7/playground/whinepad v0.0.2/js/source/components/Button.js">
        <metrics statements="2" coveredstatements="1" conditionals="2" coveredconditionals="0" methods="1" coveredmethods="0"/>
        <line num="20" count="1" type="stmt"/>
        <line num="21" count="0" type="cond" truecount="0" falsecount="2"/>
      </file>
    </metrics>
  </project>
</coverage>
