{"/Users/amiskov/Documents/Trainigs/book_react_up_and_running/ch7/playground/whinepad v0.0.2/js/source/components/Button.js": {"path":"/Users/amiskov/Documents/Trainigs/book_react_up_and_running/ch7/playground/whinepad v0.0.2/js/source/components/Button.js","statementMap":{"0":{"start":{"line":20,"column":15},"end":{"line":23,"column":80}},"1":{"start":{"line":21,"column":4},"end":{"line":23,"column":80}}},"fnMap":{"0":{"name":"(anonymous_0)","decl":{"start":{"line":20,"column":15},"end":{"line":20,"column":16}},"loc":{"start":{"line":21,"column":4},"end":{"line":23,"column":80}},"line":21}},"branchMap":{"0":{"loc":{"start":{"line":21,"column":4},"end":{"line":23,"column":80}},"type":"cond-expr","locations":[{"start":{"line":22,"column":10},"end":{"line":22,"column":75}},{"start":{"line":23,"column":10},"end":{"line":23,"column":80}}],"line":21}},"s":{"0":1,"1":0},"f":{"0":0},"b":{"0":[0,0]},"_coverageSchema":"332fd63041d2c1bcb487cc26dd0d5f7d97098a6c","hash":"82230a71688100e08cf617c2ffd9dd46662fb1fc"}
}
